INFO: 2025/03/02 16:20:01 main-2.go:64: yt-dlp не установлен. Установите его: pip install yt-dlp
INFO: 2025/03/02 16:20:58 main-2.go:64: yt-dlp не установлен. Установите его: pip install yt-dlp
INFO: 2025/03/02 16:21:25 main-2.go:108: Сервер запущен на http://localhost:8080
INFO: 2025/03/02 16:21:31 main-2.go:275: Начинаем обработку: url=https://www.youtube.com/watch?v=dQw4w9WgXcQ, quality=hd720, output=downloaded_1740907291392852200
INFO: 2025/03/02 16:22:06 main-2.go:285: Ошибка скачивания с yt-dlp: exit status 1
INFO: 2025/03/02 16:22:21 main-2.go:108: Сервер запущен на http://localhost:8080
INFO: 2025/03/02 16:22:22 main-2.go:275: Начинаем обработку: url=https://www.youtube.com/watch?v=dQw4w9WgXcQ, quality=hd720, output=downloaded_1740907342178047000
INFO: 2025/03/02 16:22:30 main-2.go:289: Обработка завершена: downloaded_1740907342178047000.mp4
INFO: 2025/03/02 16:22:30 main-2.go:297: Ошибка открытия файла: open downloaded_1740907342178047000.mp4: The system cannot find the file specified.
INFO: 2025/03/02 16:23:07 main-2.go:108: Сервер запущен на http://localhost:8080
INFO: 2025/03/02 16:23:10 main-2.go:275: Начинаем обработку: url=https://www.youtube.com/watch?v=dQw4w9WgXcQ, quality=hd720, output=downloaded_1740907390597106200
INFO: 2025/03/02 16:23:17 main-2.go:289: Обработка завершена: downloaded_1740907390597106200.mp4
INFO: 2025/03/02 16:23:17 main-2.go:297: Ошибка открытия файла: open downloaded_1740907390597106200.mp4: The system cannot find the file specified.
INFO: 2025/03/02 16:25:26 main-2.go:108: Сервер запущен на http://localhost:8080
INFO: 2025/03/02 16:25:26 main-2.go:275: Начинаем обработку: url=https://www.youtube.com/watch?v=dQw4w9WgXcQ, quality=hd720, output=downloaded_1740907526164922100
INFO: 2025/03/02 16:25:52 main-2.go:285: Ошибка скачивания с yt-dlp: exit status 1
INFO: 2025/03/02 16:25:55 main-2.go:275: Начинаем обработку: url=https://www.youtube.com/watch?v=dQw4w9WgXcQ, quality=hd720, output=downloaded_1740907555973359000
INFO: 2025/03/02 16:26:03 main-2.go:289: Обработка завершена: downloaded_1740907555973359000.mp4.webm
INFO: 2025/03/02 16:26:08 main-2.go:183: Используем уже скачанный файл: downloaded_1740907555973359000.mp4.webm
INFO: 2025/03/02 16:26:10 main-2.go:183: Используем уже скачанный файл: downloaded_1740907555973359000.mp4.webm
INFO: 2025/03/02 16:26:11 main-2.go:183: Используем уже скачанный файл: downloaded_1740907555973359000.mp4.webm
INFO: 2025/03/02 16:26:13 main-2.go:183: Используем уже скачанный файл: downloaded_1740907555973359000.mp4.webm
INFO: 2025/03/02 16:26:16 main-2.go:183: Используем уже скачанный файл: downloaded_1740907555973359000.mp4.webm
INFO: 2025/03/02 16:26:19 main-2.go:183: Используем уже скачанный файл: downloaded_1740907555973359000.mp4.webm
INFO: 2025/03/02 16:27:20 main-2.go:183: Используем уже скачанный файл: downloaded_1740907555973359000.mp4.webm
INFO: 2025/03/02 16:48:03 main.go:108: Сервер запущен на http://localhost:8080
INFO: 2025/03/02 16:48:30 main.go:275: Начинаем обработку: url=https://www.youtube.com/watch?v=TGBhDAmqxgc, quality=360, output=downloaded_1740908910269812900
INFO: 2025/03/02 16:48:45 main.go:285: Ошибка скачивания с yt-dlp: exit status 1
INFO: 2025/03/02 16:48:59 main.go:275: Начинаем обработку: url=https://www.youtube.com/watch?v=TGBhDAmqxgc, quality=360, output=downloaded_1740908939281347100
INFO: 2025/03/02 16:50:00 main.go:108: Сервер запущен на http://localhost:8080
INFO: 2025/03/02 16:50:00 main.go:129: Восстанавливаем задачу: id=12, url=https://www.youtube.com/watch?v=TGBhDAmqxgc, quality=360
INFO: 2025/03/02 16:50:00 main.go:275: Начинаем обработку: url=https://www.youtube.com/watch?v=TGBhDAmqxgc, quality=360, output=downloaded_1740909000091491000
INFO: 2025/03/02 16:50:00 main.go:275: Начинаем обработку: url=https://www.youtube.com/watch?v=TGBhDAmqxgc, quality=360, output=downloaded_1740909000687114900
INFO: 2025/03/02 16:50:39 main.go:289: Обработка завершена: downloaded_1740909000687114900.mp4.webm
INFO: 2025/03/02 16:50:39 main.go:289: Обработка завершена: downloaded_1740909000091491000.mp4.webm
